<?xml version="1.0" encoding="UTF-8"?>
<testng-results ignored="0" total="1" passed="1" failed="0" skipped="0">
  <reporter-output>
  </reporter-output>
  <suite started-at="2024-03-06T00:26:43 PKT" name="Default suite" finished-at="2024-03-06T00:27:28 PKT" duration-ms="45237">
    <groups>
    </groups>
    <test started-at="2024-03-06T00:26:43 PKT" name="Default test" finished-at="2024-03-06T00:27:28 PKT" duration-ms="45237">
      <class name="PDF_Site.PDFSiteTest">
        <test-method is-config="true" signature="setUp()[pri:0, instance:PDF_Site.PDFSiteTest@18271936]" started-at="2024-03-06T00:26:43 PKT" name="setUp" finished-at="2024-03-06T00:26:45 PKT" duration-ms="2106" status="PASS">
          <reporter-output>
          </reporter-output>
        </test-method> <!-- setUp -->
        <test-method signature="verifyPDFDownload()[pri:0, instance:PDF_Site.PDFSiteTest@18271936]" started-at="2024-03-06T00:26:45 PKT" name="verifyPDFDownload" finished-at="2024-03-06T00:27:27 PKT" duration-ms="42702" status="PASS">
          <reporter-output>
          </reporter-output>
        </test-method> <!-- verifyPDFDownload -->
        <test-method is-config="true" signature="tearDown()[pri:0, instance:PDF_Site.PDFSiteTest@18271936]" started-at="2024-03-06T00:27:27 PKT" name="tearDown" finished-at="2024-03-06T00:27:28 PKT" duration-ms="393" status="PASS">
          <reporter-output>
          </reporter-output>
        </test-method> <!-- tearDown -->
      </class> <!-- PDF_Site.PDFSiteTest -->
    </test> <!-- Default test -->
  </suite> <!-- Default suite -->
</testng-results>
